# JRE version: OpenJDK Runtime Environment (17.0.7) (build 17.0.7+0-b2043.56-10550314)
# Java VM: OpenJDK 64-Bit Server VM (17.0.7+0-b2043.56-10550314, mixed mode, tiered, compressed oops, compressed class ptrs, g1 gc, windows-amd64)
GC Precious Log:
 CPUs: 8 total, 8 available
 Memory: 8023M
 Large Page Support: Disabled
 NUMA Support: Disabled
 Compressed Oops: Enabled (32-bit)
 Heap Region Size: 1M
 Heap Min Capacity: 8M
 Heap Initial Capacity: 126M
 Heap Max Capacity: 2G
 Pre-touch: Disabled
 Parallel Workers: 8
 Concurrent Workers: 2
 Concurrent Refinement Workers: 8
 Periodic GC: Disabled
Heap:
 garbage-first heap   total 529408K, used 184432K [0x0000000080000000, 0x0000000100000000)
  region size 1024K, 9 young (9216K), 9 survivors (9216K)
 Metaspace       used 144342K, committed 145344K, reserved 1179648K
  class space    used 19542K, committed 20032K, reserved 1048576K
GC Heap History (20 events):
Event: 559.440 GC heap after
{Heap after GC invocations=78 (full 0):
 garbage-first heap   total 529408K, used 195396K [0x0000000080000000, 0x0000000100000000)
  region size 1024K, 14 young (14336K), 14 survivors (14336K)
 Metaspace       used 139510K, committed 140608K, reserved 1179648K
  class space    used 19118K, committed 19648K, reserved 1048576K
}
Event: 2812.569 GC heap before
{Heap before GC invocations=79 (full 0):
 garbage-first heap   total 529408K, used 499524K [0x0000000080000000, 0x0000000100000000)
  region size 1024K, 235 young (240640K), 14 survivors (14336K)
 Metaspace       used 140428K, committed 141504K, reserved 1179648K
  class space    used 19167K, committed 19712K, reserved 1048576K
}
Event: 2812.641 GC heap after
{Heap after GC invocations=80 (full 0):
 garbage-first heap   total 529408K, used 181916K [0x0000000080000000, 0x0000000100000000)
  region size 1024K, 2 young (2048K), 2 survivors (2048K)
 Metaspace       used 140428K, committed 141504K, reserved 1179648K
  class space    used 19167K, committed 19712K, reserved 1048576K
}
Event: 4012.576 GC heap before
{Heap before GC invocations=80 (full 0):
 garbage-first heap   total 529408K, used 205468K [0x0000000080000000, 0x0000000100000000)
  region size 1024K, 25 young (25600K), 2 survivors (2048K)
 Metaspace       used 140442K, committed 141504K, reserved 1179648K
  class space    used 19167K, committed 19712K, reserved 1048576K
}
Event: 4012.748 GC heap after
{Heap after GC invocations=81 (full 0):
 garbage-first heap   total 529408K, used 157152K [0x0000000080000000, 0x0000000100000000)
  region size 1024K, 2 young (2048K), 2 survivors (2048K)
 Metaspace       used 140442K, committed 141504K, reserved 1179648K
  class space    used 19167K, committed 19712K, reserved 1048576K
}
Event: 6929.358 GC heap before
{Heap before GC invocations=81 (full 0):
 garbage-first heap   total 529408K, used 302560K [0x0000000080000000, 0x0000000100000000)
  region size 1024K, 146 young (149504K), 2 survivors (2048K)
 Metaspace       used 140736K, committed 141824K, reserved 1179648K
  class space    used 19185K, committed 19712K, reserved 1048576K
}
Event: 6929.491 GC heap after
{Heap after GC invocations=82 (full 0):
 garbage-first heap   total 529408K, used 166855K [0x0000000080000000, 0x0000000100000000)
  region size 1024K, 11 young (11264K), 11 survivors (11264K)
 Metaspace       used 140736K, committed 141824K, reserved 1179648K
  class space    used 19185K, committed 19712K, reserved 1048576K
}
Event: 6933.401 GC heap before
{Heap before GC invocations=83 (full 0):
 garbage-first heap   total 529408K, used 275399K [0x0000000080000000, 0x0000000100000000)
  region size 1024K, 85 young (87040K), 11 survivors (11264K)
 Metaspace       used 141576K, committed 142720K, reserved 1179648K
  class space    used 19231K, committed 19840K, reserved 1048576K
}
Event: 6933.498 GC heap after
{Heap after GC invocations=84 (full 0):
 garbage-first heap   total 529408K, used 193474K [0x0000000080000000, 0x0000000100000000)
  region size 1024K, 11 young (11264K), 11 survivors (11264K)
 Metaspace       used 141576K, committed 142720K, reserved 1179648K
  class space    used 19231K, committed 19840K, reserved 1048576K
}
Event: 6933.696 GC heap before
{Heap before GC invocations=84 (full 0):
 garbage-first heap   total 529408K, used 208834K [0x0000000080000000, 0x0000000100000000)
  region size 1024K, 25 young (25600K), 11 survivors (11264K)
 Metaspace       used 141994K, committed 142976K, reserved 1179648K
  class space    used 19277K, committed 19840K, reserved 1048576K
}
Event: 6933.718 GC heap after
{Heap after GC invocations=85 (full 0):
 garbage-first heap   total 529408K, used 181494K [0x0000000080000000, 0x0000000100000000)
  region size 1024K, 3 young (3072K), 3 survivors (3072K)
 Metaspace       used 141994K, committed 142976K, reserved 1179648K
  class space    used 19277K, committed 19840K, reserved 1048576K
}
Event: 6933.997 GC heap before
{Heap before GC invocations=85 (full 0):
 garbage-first heap   total 529408K, used 202998K [0x0000000080000000, 0x0000000100000000)
  region size 1024K, 25 young (25600K), 3 survivors (3072K)
 Metaspace       used 142605K, committed 143488K, reserved 1179648K
  class space    used 19358K, committed 19840K, reserved 1048576K
}
Event: 6934.009 GC heap after
{Heap after GC invocations=86 (full 0):
 garbage-first heap   total 529408K, used 181429K [0x0000000080000000, 0x0000000100000000)
  region size 1024K, 3 young (3072K), 3 survivors (3072K)
 Metaspace       used 142605K, committed 143488K, reserved 1179648K
  class space    used 19358K, committed 19840K, reserved 1048576K
}
Event: 7196.510 GC heap before
{Heap before GC invocations=86 (full 0):
 garbage-first heap   total 529408K, used 290997K [0x0000000080000000, 0x0000000100000000)
  region size 1024K, 111 young (113664K), 3 survivors (3072K)
 Metaspace       used 144137K, committed 145088K, reserved 1179648K
  class space    used 19556K, committed 20032K, reserved 1048576K
}
Event: 7196.654 GC heap after
{Heap after GC invocations=87 (full 0):
 garbage-first heap   total 529408K, used 189771K [0x0000000080000000, 0x0000000100000000)
  region size 1024K, 11 young (11264K), 11 survivors (11264K)
 Metaspace       used 144137K, committed 145088K, reserved 1179648K
  class space    used 19556K, committed 20032K, reserved 1048576K
}
Event: 7201.188 GC heap before
{Heap before GC invocations=88 (full 0):
 garbage-first heap   total 529408K, used 252235K [0x0000000080000000, 0x0000000100000000)
  region size 1024K, 88 young (90112K), 11 survivors (11264K)
 Metaspace       used 144340K, committed 145344K, reserved 1179648K
  class space    used 19542K, committed 20032K, reserved 1048576K
}
Event: 7201.227 GC heap after
{Heap after GC invocations=89 (full 0):
 garbage-first heap   total 529408K, used 188302K [0x0000000080000000, 0x0000000100000000)
  region size 1024K, 11 young (11264K), 11 survivors (11264K)
 Metaspace       used 144340K, committed 145344K, reserved 1179648K
  class space    used 19542K, committed 20032K, reserved 1048576K
}
Event: 7201.440 GC heap before
{Heap before GC invocations=89 (full 0):
 garbage-first heap   total 529408K, used 201614K [0x0000000080000000, 0x0000000100000000)
  region size 1024K, 25 young (25600K), 11 survivors (11264K)
 Metaspace       used 144340K, committed 145344K, reserved 1179648K
  class space    used 19542K, committed 20032K, reserved 1048576K
}
Event: 7201.482 GC heap after
{Heap after GC invocations=90 (full 0):
 garbage-first heap   total 529408K, used 180195K [0x0000000080000000, 0x0000000100000000)
  region size 1024K, 4 young (4096K), 4 survivors (4096K)
 Metaspace       used 144340K, committed 145344K, reserved 1179648K
  class space    used 19542K, committed 20032K, reserved 1048576K
}
Event: 7201.645 GC heap before
{Heap before GC invocations=90 (full 0):
 garbage-first heap   total 529408K, used 189411K [0x0000000080000000, 0x0000000100000000)
  region size 1024K, 14 young (14336K), 4 survivors (4096K)
 Metaspace       used 144342K, committed 145344K, reserved 1179648K
  class space    used 19542K, committed 20032K, reserved 1048576K
}

